<?xml version="1.0" encoding="UTF-8"?>
<!-- Generated by org.testng.reporters.JUnitReportReporter -->
<testsuite hostname="DESKTOP-HSTT29Q" failures="0" tests="1" name="testCases.AccountRegistrationTest" time="0.702" errors="0" timestamp="2023-07-16T12:30:48 IST" skipped="0">
  <testcase classname="testCases.AccountRegistrationTest" name="TC3_Login" time="0.702"/>
</testsuite> <!-- testCases.AccountRegistrationTest -->
