<?xml version="1.0" encoding="UTF-8"?>
<!-- Generated by org.testng.reporters.JUnitReportReporter -->
<testsuite hostname="DESKTOP-HSTT29Q" failures="0" tests="1" name="testCases.AccountRegistrationTest" time="0.906" errors="0" timestamp="2023-08-12T16:48:48 IST" skipped="0">
  <testcase classname="testCases.AccountRegistrationTest" name="TC3_Login" time="0.906"/>
</testsuite> <!-- testCases.AccountRegistrationTest -->
